Building DAG of jobs...
Using shell: /usr/bin/bash
Provided cores: 4
Rules claiming more threads will be scaled down.
Job stats:
job            count    min threads    max threads
-----------  -------  -------------  -------------
all                1              1              1
callPaf            5              1              1
end                1              1              1
fastas2Pafs        5              1              1
mergeVcfs          1              1              1
prepVcfs           5              1              1
total             18              1              1

Select jobs to execute...

[Mon Mar 21 20:43:21 2022]
rule fastas2Pafs:
    input: ref/staph-aureus-ref-GCF_000013425.1_ASM1342v1_genomic.fna, samples/GCA_000010465.1_ASM1046v1_genomic.fna
    output: intermediate/pafs/GCA_000010465.1_ASM1046v1_genomic.fna
    jobid: 17
    reason: Missing output files: intermediate/pafs/GCA_000010465.1_ASM1046v1_genomic.fna
    wildcards: sample=GCA_000010465.1_ASM1046v1_genomic.fna
    resources: tmpdir=/tmp

[Mon Mar 21 20:43:21 2022]
rule fastas2Pafs:
    input: ref/staph-aureus-ref-GCF_000013425.1_ASM1342v1_genomic.fna, samples/GCA_000009585.1_ASM958v1_genomic.fna
    output: intermediate/pafs/GCA_000009585.1_ASM958v1_genomic.fna
    jobid: 5
    reason: Missing output files: intermediate/pafs/GCA_000009585.1_ASM958v1_genomic.fna
    wildcards: sample=GCA_000009585.1_ASM958v1_genomic.fna
    resources: tmpdir=/tmp

[Mon Mar 21 20:43:21 2022]
rule fastas2Pafs:
    input: ref/staph-aureus-ref-GCF_000013425.1_ASM1342v1_genomic.fna, samples/GCA_000009645.1_ASM964v1_genomic.fna
    output: intermediate/pafs/GCA_000009645.1_ASM964v1_genomic.fna
    jobid: 8
    reason: Missing output files: intermediate/pafs/GCA_000009645.1_ASM964v1_genomic.fna
    wildcards: sample=GCA_000009645.1_ASM964v1_genomic.fna
    resources: tmpdir=/tmp

[Mon Mar 21 20:43:21 2022]
rule fastas2Pafs:
    input: ref/staph-aureus-ref-GCF_000013425.1_ASM1342v1_genomic.fna, samples/GCA_000009665.1_ASM966v1_genomic.fna
    output: intermediate/pafs/GCA_000009665.1_ASM966v1_genomic.fna
    jobid: 11
    reason: Missing output files: intermediate/pafs/GCA_000009665.1_ASM966v1_genomic.fna
    wildcards: sample=GCA_000009665.1_ASM966v1_genomic.fna
    resources: tmpdir=/tmp

[Mon Mar 21 20:43:27 2022]
Finished job 17.
1 of 18 steps (6%) done
Select jobs to execute...

[Mon Mar 21 20:43:27 2022]
rule callPaf:
    input: intermediate/pafs/GCA_000010465.1_ASM1046v1_genomic.fna, ref/staph-aureus-ref-GCF_000013425.1_ASM1342v1_genomic.fna
    output: intermediate/vcfs/GCA_000010465.1_ASM1046v1_genomic.fna.vcf
    jobid: 16
    reason: Missing output files: intermediate/vcfs/GCA_000010465.1_ASM1046v1_genomic.fna.vcf; Input files updated by another job: intermediate/pafs/GCA_000010465.1_ASM1046v1_genomic.fna
    wildcards: sample=GCA_000010465.1_ASM1046v1_genomic.fna
    resources: tmpdir=/tmp

[Mon Mar 21 20:43:28 2022]
Finished job 11.
2 of 18 steps (11%) done
Select jobs to execute...

[Mon Mar 21 20:43:28 2022]
rule fastas2Pafs:
    input: ref/staph-aureus-ref-GCF_000013425.1_ASM1342v1_genomic.fna, samples/GCA_000010445.1_ASM1044v1_genomic.fna
    output: intermediate/pafs/GCA_000010445.1_ASM1044v1_genomic.fna
    jobid: 14
    reason: Missing output files: intermediate/pafs/GCA_000010445.1_ASM1044v1_genomic.fna
    wildcards: sample=GCA_000010445.1_ASM1044v1_genomic.fna
    resources: tmpdir=/tmp

[Mon Mar 21 20:43:28 2022]
Finished job 8.
3 of 18 steps (17%) done
Select jobs to execute...

[Mon Mar 21 20:43:28 2022]
rule callPaf:
    input: intermediate/pafs/GCA_000009645.1_ASM964v1_genomic.fna, ref/staph-aureus-ref-GCF_000013425.1_ASM1342v1_genomic.fna
    output: intermediate/vcfs/GCA_000009645.1_ASM964v1_genomic.fna.vcf
    jobid: 7
    reason: Missing output files: intermediate/vcfs/GCA_000009645.1_ASM964v1_genomic.fna.vcf; Input files updated by another job: intermediate/pafs/GCA_000009645.1_ASM964v1_genomic.fna
    wildcards: sample=GCA_000009645.1_ASM964v1_genomic.fna
    resources: tmpdir=/tmp

[Mon Mar 21 20:43:30 2022]
Finished job 16.
4 of 18 steps (22%) done
Select jobs to execute...

[Mon Mar 21 20:43:30 2022]
rule prepVcfs:
    input: intermediate/vcfs/GCA_000010465.1_ASM1046v1_genomic.fna.vcf
    output: intermediate/vcfs/GCA_000010465.1_ASM1046v1_genomic.fna.vcf.gz
    jobid: 15
    reason: Missing output files: intermediate/vcfs/GCA_000010465.1_ASM1046v1_genomic.fna.vcf.gz; Input files updated by another job: intermediate/vcfs/GCA_000010465.1_ASM1046v1_genomic.fna.vcf
    wildcards: sample=GCA_000010465.1_ASM1046v1_genomic.fna
    resources: tmpdir=/tmp

[Mon Mar 21 20:43:31 2022]
Finished job 5.
5 of 18 steps (28%) done
Select jobs to execute...

[Mon Mar 21 20:43:31 2022]
rule callPaf:
    input: intermediate/pafs/GCA_000009585.1_ASM958v1_genomic.fna, ref/staph-aureus-ref-GCF_000013425.1_ASM1342v1_genomic.fna
    output: intermediate/vcfs/GCA_000009585.1_ASM958v1_genomic.fna.vcf
    jobid: 4
    reason: Missing output files: intermediate/vcfs/GCA_000009585.1_ASM958v1_genomic.fna.vcf; Input files updated by another job: intermediate/pafs/GCA_000009585.1_ASM958v1_genomic.fna
    wildcards: sample=GCA_000009585.1_ASM958v1_genomic.fna
    resources: tmpdir=/tmp

[Mon Mar 21 20:43:32 2022]
Finished job 7.
6 of 18 steps (33%) done
Select jobs to execute...

[Mon Mar 21 20:43:32 2022]
rule prepVcfs:
    input: intermediate/vcfs/GCA_000009645.1_ASM964v1_genomic.fna.vcf
    output: intermediate/vcfs/GCA_000009645.1_ASM964v1_genomic.fna.vcf.gz
    jobid: 6
    reason: Missing output files: intermediate/vcfs/GCA_000009645.1_ASM964v1_genomic.fna.vcf.gz; Input files updated by another job: intermediate/vcfs/GCA_000009645.1_ASM964v1_genomic.fna.vcf
    wildcards: sample=GCA_000009645.1_ASM964v1_genomic.fna
    resources: tmpdir=/tmp

[Mon Mar 21 20:43:34 2022]
Finished job 15.
7 of 18 steps (39%) done
Select jobs to execute...

[Mon Mar 21 20:43:34 2022]
rule callPaf:
    input: intermediate/pafs/GCA_000009665.1_ASM966v1_genomic.fna, ref/staph-aureus-ref-GCF_000013425.1_ASM1342v1_genomic.fna
    output: intermediate/vcfs/GCA_000009665.1_ASM966v1_genomic.fna.vcf
    jobid: 10
    reason: Missing output files: intermediate/vcfs/GCA_000009665.1_ASM966v1_genomic.fna.vcf; Input files updated by another job: intermediate/pafs/GCA_000009665.1_ASM966v1_genomic.fna
    wildcards: sample=GCA_000009665.1_ASM966v1_genomic.fna
    resources: tmpdir=/tmp

[Mon Mar 21 20:43:35 2022]
Finished job 4.
8 of 18 steps (44%) done
Select jobs to execute...

[Mon Mar 21 20:43:35 2022]
rule prepVcfs:
    input: intermediate/vcfs/GCA_000009585.1_ASM958v1_genomic.fna.vcf
    output: intermediate/vcfs/GCA_000009585.1_ASM958v1_genomic.fna.vcf.gz
    jobid: 3
    reason: Missing output files: intermediate/vcfs/GCA_000009585.1_ASM958v1_genomic.fna.vcf.gz; Input files updated by another job: intermediate/vcfs/GCA_000009585.1_ASM958v1_genomic.fna.vcf
    wildcards: sample=GCA_000009585.1_ASM958v1_genomic.fna
    resources: tmpdir=/tmp

[Mon Mar 21 20:43:36 2022]
Finished job 6.
9 of 18 steps (50%) done
[Mon Mar 21 20:43:36 2022]
Finished job 14.
10 of 18 steps (56%) done
Select jobs to execute...

[Mon Mar 21 20:43:36 2022]
rule callPaf:
    input: intermediate/pafs/GCA_000010445.1_ASM1044v1_genomic.fna, ref/staph-aureus-ref-GCF_000013425.1_ASM1342v1_genomic.fna
    output: intermediate/vcfs/GCA_000010445.1_ASM1044v1_genomic.fna.vcf
    jobid: 13
    reason: Missing output files: intermediate/vcfs/GCA_000010445.1_ASM1044v1_genomic.fna.vcf; Input files updated by another job: intermediate/pafs/GCA_000010445.1_ASM1044v1_genomic.fna
    wildcards: sample=GCA_000010445.1_ASM1044v1_genomic.fna
    resources: tmpdir=/tmp

[Mon Mar 21 20:43:38 2022]
Finished job 10.
11 of 18 steps (61%) done
Select jobs to execute...

[Mon Mar 21 20:43:38 2022]
rule prepVcfs:
    input: intermediate/vcfs/GCA_000009665.1_ASM966v1_genomic.fna.vcf
    output: intermediate/vcfs/GCA_000009665.1_ASM966v1_genomic.fna.vcf.gz
    jobid: 9
    reason: Missing output files: intermediate/vcfs/GCA_000009665.1_ASM966v1_genomic.fna.vcf.gz; Input files updated by another job: intermediate/vcfs/GCA_000009665.1_ASM966v1_genomic.fna.vcf
    wildcards: sample=GCA_000009665.1_ASM966v1_genomic.fna
    resources: tmpdir=/tmp

[Mon Mar 21 20:43:38 2022]
Finished job 3.
12 of 18 steps (67%) done
[Mon Mar 21 20:43:39 2022]
Finished job 13.
13 of 18 steps (72%) done
Select jobs to execute...

[Mon Mar 21 20:43:39 2022]
rule prepVcfs:
    input: intermediate/vcfs/GCA_000010445.1_ASM1044v1_genomic.fna.vcf
    output: intermediate/vcfs/GCA_000010445.1_ASM1044v1_genomic.fna.vcf.gz
    jobid: 12
    reason: Missing output files: intermediate/vcfs/GCA_000010445.1_ASM1044v1_genomic.fna.vcf.gz; Input files updated by another job: intermediate/vcfs/GCA_000010445.1_ASM1044v1_genomic.fna.vcf
    wildcards: sample=GCA_000010445.1_ASM1044v1_genomic.fna
    resources: tmpdir=/tmp

[Mon Mar 21 20:43:40 2022]
Finished job 9.
14 of 18 steps (78%) done
[Mon Mar 21 20:43:42 2022]
Finished job 12.
15 of 18 steps (83%) done
Select jobs to execute...

[Mon Mar 21 20:43:42 2022]
rule mergeVcfs:
    input: intermediate/vcfs/GCA_000009585.1_ASM958v1_genomic.fna.vcf.gz, intermediate/vcfs/GCA_000009645.1_ASM964v1_genomic.fna.vcf.gz, intermediate/vcfs/GCA_000009665.1_ASM966v1_genomic.fna.vcf.gz, intermediate/vcfs/GCA_000010445.1_ASM1044v1_genomic.fna.vcf.gz, intermediate/vcfs/GCA_000010465.1_ASM1046v1_genomic.fna.vcf.gz
    output: MERGED.vcf
    jobid: 2
    reason: Missing output files: MERGED.vcf; Input files updated by another job: intermediate/vcfs/GCA_000009645.1_ASM964v1_genomic.fna.vcf.gz, intermediate/vcfs/GCA_000010445.1_ASM1044v1_genomic.fna.vcf.gz, intermediate/vcfs/GCA_000009665.1_ASM966v1_genomic.fna.vcf.gz, intermediate/vcfs/GCA_000010465.1_ASM1046v1_genomic.fna.vcf.gz, intermediate/vcfs/GCA_000009585.1_ASM958v1_genomic.fna.vcf.gz
    resources: tmpdir=/tmp

[Mon Mar 21 20:43:45 2022]
Finished job 2.
16 of 18 steps (89%) done
Select jobs to execute...

[Mon Mar 21 20:43:45 2022]
rule end:
    input: MERGED.vcf
    output: all.txt
    jobid: 1
    reason: Missing output files: all.txt; Input files updated by another job: MERGED.vcf
    resources: tmpdir=/tmp

[Mon Mar 21 20:43:47 2022]
Finished job 1.
17 of 18 steps (94%) done
Select jobs to execute...

[Mon Mar 21 20:43:47 2022]
localrule all:
    input: all.txt
    jobid: 0
    reason: Input files updated by another job: all.txt
    resources: tmpdir=/tmp

[Mon Mar 21 20:43:47 2022]
Finished job 0.
18 of 18 steps (100%) done
Complete log: /mnt/c/Users/light/Desktop/american-education-system/lab-notes/Genome-Analysis-Pipeline/paf-VCF/.snakemake/log/2022-03-21T204320.653407.snakemake.log
