Building DAG of jobs...
Using shell: /usr/bin/bash
Provided cores: 4
Rules claiming more threads will be scaled down.
Job stats:
job            count    min threads    max threads
-----------  -------  -------------  -------------
all                1              1              1
callPaf            5              1              1
end                1              1              1
fastas2Pafs        5              1              1
mergeVcfs          1              1              1
prepVcfs           5              1              1
total             18              1              1

Select jobs to execute...

[Mon Mar 21 21:02:18 2022]
rule fastas2Pafs:
    input: ref/staph-aureus-ref-GCF_000013425.1_ASM1342v1_genomic.fna, samples/GCA_000010465.1_ASM1046v1_genomic.fna
    output: intermediate/pafs/GCA_000010465.1_ASM1046v1_genomic.fna
    jobid: 17
    wildcards: sample=GCA_000010465.1_ASM1046v1_genomic.fna
    resources: tmpdir=/tmp

[Mon Mar 21 21:02:18 2022]
rule fastas2Pafs:
    input: ref/staph-aureus-ref-GCF_000013425.1_ASM1342v1_genomic.fna, samples/GCA_000009585.1_ASM958v1_genomic.fna
    output: intermediate/pafs/GCA_000009585.1_ASM958v1_genomic.fna
    jobid: 5
    wildcards: sample=GCA_000009585.1_ASM958v1_genomic.fna
    resources: tmpdir=/tmp

[Mon Mar 21 21:02:18 2022]
rule fastas2Pafs:
    input: ref/staph-aureus-ref-GCF_000013425.1_ASM1342v1_genomic.fna, samples/GCA_000009645.1_ASM964v1_genomic.fna
    output: intermediate/pafs/GCA_000009645.1_ASM964v1_genomic.fna
    jobid: 8
    wildcards: sample=GCA_000009645.1_ASM964v1_genomic.fna
    resources: tmpdir=/tmp

[Mon Mar 21 21:02:18 2022]
rule fastas2Pafs:
    input: ref/staph-aureus-ref-GCF_000013425.1_ASM1342v1_genomic.fna, samples/GCA_000009665.1_ASM966v1_genomic.fna
    output: intermediate/pafs/GCA_000009665.1_ASM966v1_genomic.fna
    jobid: 11
    wildcards: sample=GCA_000009665.1_ASM966v1_genomic.fna
    resources: tmpdir=/tmp

[Mon Mar 21 21:02:24 2022]
Finished job 17.
1 of 18 steps (6%) done
Select jobs to execute...

[Mon Mar 21 21:02:24 2022]
rule callPaf:
    input: intermediate/pafs/GCA_000010465.1_ASM1046v1_genomic.fna, ref/staph-aureus-ref-GCF_000013425.1_ASM1342v1_genomic.fna
    output: intermediate/vcfs/GCA_000010465.1_ASM1046v1_genomic.fna.vcf
    jobid: 16
    wildcards: sample=GCA_000010465.1_ASM1046v1_genomic.fna
    resources: tmpdir=/tmp

[Mon Mar 21 21:02:25 2022]
Finished job 11.
2 of 18 steps (11%) done
Select jobs to execute...

[Mon Mar 21 21:02:25 2022]
rule fastas2Pafs:
    input: ref/staph-aureus-ref-GCF_000013425.1_ASM1342v1_genomic.fna, samples/GCA_000010445.1_ASM1044v1_genomic.fna
    output: intermediate/pafs/GCA_000010445.1_ASM1044v1_genomic.fna
    jobid: 14
    wildcards: sample=GCA_000010445.1_ASM1044v1_genomic.fna
    resources: tmpdir=/tmp

[Mon Mar 21 21:02:25 2022]
Finished job 8.
3 of 18 steps (17%) done
Select jobs to execute...

[Mon Mar 21 21:02:25 2022]
rule callPaf:
    input: intermediate/pafs/GCA_000009645.1_ASM964v1_genomic.fna, ref/staph-aureus-ref-GCF_000013425.1_ASM1342v1_genomic.fna
    output: intermediate/vcfs/GCA_000009645.1_ASM964v1_genomic.fna.vcf
    jobid: 7
    wildcards: sample=GCA_000009645.1_ASM964v1_genomic.fna
    resources: tmpdir=/tmp

[Mon Mar 21 21:02:28 2022]
Finished job 5.
4 of 18 steps (22%) done
[Mon Mar 21 21:02:32 2022]
Finished job 14.
5 of 18 steps (28%) done
Shutting down, this might take some time.
Exiting because a job execution failed. Look above for error message
Complete log: /mnt/c/Users/light/Desktop/american-education-system/lab-notes/Genome-Analysis-Pipeline/paf-VCF/.snakemake/log/2022-03-21T210218.226379.snakemake.log
