Building DAG of jobs...
Using shell: /usr/bin/bash
Provided cores: 4
Rules claiming more threads will be scaled down.
Job stats:
job            count    min threads    max threads
-----------  -------  -------------  -------------
all                1              1              1
callPaf            5              1              1
end                1              1              1
fastas2Pafs        5              1              1
mergeVcfs          1              1              1
prepVcfs           5              1              1
total             18              1              1

Select jobs to execute...

[Mon Mar 21 21:04:17 2022]
rule fastas2Pafs:
    input: ref/staph-aureus-ref-GCF_000013425.1_ASM1342v1_genomic.fna, samples/GCA_000010465.1_ASM1046v1_genomic.fna
    output: intermediate/pafs/GCA_000010465.1_ASM1046v1_genomic.fna.paf
    jobid: 17
    wildcards: sample=GCA_000010465.1_ASM1046v1_genomic.fna
    resources: tmpdir=/tmp

[Mon Mar 21 21:04:17 2022]
rule fastas2Pafs:
    input: ref/staph-aureus-ref-GCF_000013425.1_ASM1342v1_genomic.fna, samples/GCA_000009585.1_ASM958v1_genomic.fna
    output: intermediate/pafs/GCA_000009585.1_ASM958v1_genomic.fna.paf
    jobid: 5
    wildcards: sample=GCA_000009585.1_ASM958v1_genomic.fna
    resources: tmpdir=/tmp

[Mon Mar 21 21:04:17 2022]
rule fastas2Pafs:
    input: ref/staph-aureus-ref-GCF_000013425.1_ASM1342v1_genomic.fna, samples/GCA_000009645.1_ASM964v1_genomic.fna
    output: intermediate/pafs/GCA_000009645.1_ASM964v1_genomic.fna.paf
    jobid: 8
    wildcards: sample=GCA_000009645.1_ASM964v1_genomic.fna
    resources: tmpdir=/tmp

[Mon Mar 21 21:04:17 2022]
rule fastas2Pafs:
    input: ref/staph-aureus-ref-GCF_000013425.1_ASM1342v1_genomic.fna, samples/GCA_000009665.1_ASM966v1_genomic.fna
    output: intermediate/pafs/GCA_000009665.1_ASM966v1_genomic.fna.paf
    jobid: 11
    wildcards: sample=GCA_000009665.1_ASM966v1_genomic.fna
    resources: tmpdir=/tmp

Shutting down, this might take some time.
Exiting because a job execution failed. Look above for error message
Complete log: /mnt/c/Users/light/Desktop/american-education-system/lab-notes/Genome-Analysis-Pipeline/paf-VCF/.snakemake/log/2022-03-21T210417.353247.snakemake.log
